c:\coding\helloworld_first_touch\c++_beginner_projects\bin\intermediates\win32\debug\vc143.pdb
c:\coding\helloworld_first_touch\c++_beginner_projects\bin\intermediates\win32\debug\vc143.idb
c:\coding\helloworld_first_touch\c++_beginner_projects\bin\intermediates\win32\debug\test.obj
c:\coding\helloworld_first_touch\c++_beginner_projects\bin\intermediates\win32\debug\main.obj
c:\coding\helloworld_first_touch\c++_beginner_projects\bin\intermediates\win32\debug\boss.obj
c:\coding\helloworld_first_touch\c++_beginner_projects\bin\intermediates\win32\debug\manager.obj
c:\coding\helloworld_first_touch\c++_beginner_projects\bin\intermediates\win32\debug\employee.obj
c:\coding\helloworld_first_touch\c++_beginner_projects\bin\win32\debug\workers_management_system.exe
c:\coding\helloworld_first_touch\c++_beginner_projects\bin\intermediates\win32\debug\workers_management_system.ilk
c:\coding\helloworld_first_touch\c++_beginner_projects\bin\win32\debug\workers_management_system.pdb
c:\coding\helloworld_first_touch\c++_beginner_projects\bin\intermediates\win32\debug\1.obj
c:\coding\helloworld_first_touch\c++_beginner_projects\bin\intermediates\win32\debug\log.obj
c:\coding\helloworld_first_touch\c++_beginner_projects\bin\intermediates\win32\debug\math.obj
c:\coding\helloworld_first_touch\c++_beginner_projects\bin\intermediates\win32\debug\speaker.obj
c:\coding\helloworld_first_touch\c++_beginner_projects\bin\intermediates\win32\debug\speechmanager.obj
c:\coding\helloworld_first_touch\c++_beginner_projects\bin\intermediates\win32\debug\workers_management_system.vcxproj.filelistabsolute.txt
c:\coding\helloworld_first_touch\c++_beginner_projects\bin\intermediates\win32\debug\workers_.d403149c.tlog\cl.command.1.tlog
c:\coding\helloworld_first_touch\c++_beginner_projects\bin\intermediates\win32\debug\workers_.d403149c.tlog\cl.items.tlog
c:\coding\helloworld_first_touch\c++_beginner_projects\bin\intermediates\win32\debug\workers_.d403149c.tlog\cl.read.1.tlog
c:\coding\helloworld_first_touch\c++_beginner_projects\bin\intermediates\win32\debug\workers_.d403149c.tlog\cl.write.1.tlog
c:\coding\helloworld_first_touch\c++_beginner_projects\bin\intermediates\win32\debug\workers_.d403149c.tlog\link.command.1.tlog
c:\coding\helloworld_first_touch\c++_beginner_projects\bin\intermediates\win32\debug\workers_.d403149c.tlog\link.read.1.tlog
c:\coding\helloworld_first_touch\c++_beginner_projects\bin\intermediates\win32\debug\workers_.d403149c.tlog\link.write.1.tlog
